0 info it worked if it ends with ok
1 verbose cli [ '/usr/local/bin/node',
1 verbose cli   '/Users/yigitozkavci/.npm-packages/bin/npm',
1 verbose cli   'run',
1 verbose cli   'dev' ]
2 info using npm@2.1.8
3 info using node@v4.2.4
4 verbose run-script [ 'predev', 'dev', 'postdev' ]
5 info predev client@1.0.0
6 info dev client@1.0.0
7 verbose unsafe-perm in lifecycle true
8 info client@1.0.0 Failed to exec dev script
9 verbose stack Error: client@1.0.0 dev: `webpack-dev-server --port 3000`
9 verbose stack Exit status 1
9 verbose stack     at EventEmitter.<anonymous> (/Users/yigitozkavci/.npm-packages/lib/node_modules/npm/lib/utils/lifecycle.js:212:16)
9 verbose stack     at emitTwo (events.js:87:13)
9 verbose stack     at EventEmitter.emit (events.js:172:7)
9 verbose stack     at ChildProcess.<anonymous> (/Users/yigitozkavci/.npm-packages/lib/node_modules/npm/lib/utils/spawn.js:14:12)
9 verbose stack     at emitTwo (events.js:87:13)
9 verbose stack     at ChildProcess.emit (events.js:172:7)
9 verbose stack     at maybeClose (internal/child_process.js:818:16)
9 verbose stack     at Process.ChildProcess._handle.onexit (internal/child_process.js:211:5)
10 verbose pkgid client@1.0.0
11 verbose cwd /Users/yigitozkavci/Documents/Programming/ElmWorkspace/Players/client
12 error Darwin 16.1.0
13 error argv "/usr/local/bin/node" "/Users/yigitozkavci/.npm-packages/bin/npm" "run" "dev"
14 error node v4.2.4
15 error npm  v2.1.8
16 error code ELIFECYCLE
17 error client@1.0.0 dev: `webpack-dev-server --port 3000`
17 error Exit status 1
18 error Failed at the client@1.0.0 dev script 'webpack-dev-server --port 3000'.
18 error This is most likely a problem with the client package,
18 error not with npm itself.
18 error Tell the author that this fails on your system:
18 error     webpack-dev-server --port 3000
18 error You can get their info via:
18 error     npm owner ls client
18 error There is likely additional logging output above.
19 verbose exit [ 1, true ]
